-------------------------------------------------------------------------------
Test set: com.Dinesh.ShoppingCartDemo.ShoppingCartDemo.ShoppingCartDemoApplicationTests
-------------------------------------------------------------------------------
Tests run: 1, Failures: 0, Errors: 1, Skipped: 0, Time elapsed: 0.556 s <<< FAILURE! - in com.Dinesh.ShoppingCartDemo.ShoppingCartDemo.ShoppingCartDemoApplicationTests
com.Dinesh.ShoppingCartDemo.ShoppingCartDemo.ShoppingCartDemoApplicationTests  Time elapsed: 0.555 s  <<< ERROR!
java.lang.IllegalStateException: Unable to find a @SpringBootConfiguration, you need to use @ContextConfiguration or @SpringBootTest(classes=...) with your test

